-- The C compiler identification is GNU 11.3.0
-- The CXX compiler identification is GNU 11.3.0
-- Detecting C compiler ABI info
-- Detecting C compiler ABI info - done
-- Check for working C compiler: /usr/bin/cc - skipped
-- Detecting C compile features
-- Detecting C compile features - done
-- Detecting CXX compiler ABI info
-- Detecting CXX compiler ABI info - done
-- Check for working CXX compiler: /usr/bin/c++ - skipped
-- Detecting CXX compile features
-- Detecting CXX compile features - done
-- Found ament_cmake: 1.5.2 (/opt/ros/rolling/share/ament_cmake/cmake)
-- Found Python3: /usr/bin/python3.10 (found version "3.10.6") found components: Interpreter 
-- Override CMake install command with custom implementation using symlinks instead of copying resources
-- Found nav2_common: 1.1.0 (/home/pgarcia/ros2_ws/install/nav2_common/share/nav2_common/cmake)
-- Found rclcpp: 18.0.0 (/opt/ros/rolling/share/rclcpp/cmake)
-- Found rosidl_generator_c: 3.3.1 (/opt/ros/rolling/share/rosidl_generator_c/cmake)
-- Found rosidl_generator_cpp: 3.3.1 (/opt/ros/rolling/share/rosidl_generator_cpp/cmake)
-- Using all available rosidl_typesupport_c: rosidl_typesupport_fastrtps_c;rosidl_typesupport_introspection_c
-- Using all available rosidl_typesupport_cpp: rosidl_typesupport_fastrtps_cpp;rosidl_typesupport_introspection_cpp
-- Found rmw_implementation_cmake: 6.4.0 (/opt/ros/rolling/share/rmw_implementation_cmake/cmake)
-- Found rmw_cyclonedds_cpp: 1.5.0 (/opt/ros/rolling/share/rmw_cyclonedds_cpp/cmake)
-- Using RMW implementation 'rmw_cyclonedds_cpp' as default
-- Looking for pthread.h
-- Looking for pthread.h - found
-- Performing Test CMAKE_HAVE_LIBC_PTHREAD
-- Performing Test CMAKE_HAVE_LIBC_PTHREAD - Success
-- Found Threads: TRUE  
-- Found std_msgs: 4.6.1 (/opt/ros/rolling/share/std_msgs/cmake)
-- Found geometry_msgs: 4.6.1 (/opt/ros/rolling/share/geometry_msgs/cmake)
-- Found nav_2d_msgs: 1.1.0 (/home/pgarcia/ros2_ws/install/nav_2d_msgs/share/nav_2d_msgs/cmake)
-- Found dwb_msgs: 1.1.0 (/home/pgarcia/ros2_ws/install/dwb_msgs/share/dwb_msgs/cmake)
-- Found nav2_costmap_2d: 1.1.0 (/home/pgarcia/ros2_ws/install/nav2_costmap_2d/share/nav2_costmap_2d/cmake)
-- Found Eigen3: TRUE (found version "3.4.0") 
-- Ensuring Eigen3 include directory is part of orocos-kdl CMake target
-- Found nav_2d_utils: 1.1.0 (/home/pgarcia/ros2_ws/install/nav_2d_utils/share/nav_2d_utils/cmake)
-- Found nav2_core: 1.1.0 (/home/pgarcia/ros2_ws/install/nav2_core/share/nav2_core/cmake)
-- Setting build type to Release as none was specified.
-- Configuring done
-- Generating done
-- Build files have been written to: /home/pgarcia/Documents/GitHub/same_fuzzy_logic_controller/build/same_fuzzy_logic_controller
[ 50%] [32mBuilding CXX object CMakeFiles/same_fuzzy_logic_controller.dir/src/same_fuzzy_logic_controller.cpp.o[0m
