[0.181s] DEBUG:colcon:Command line arguments: ['/usr/bin/colcon', 'build', '--symlink-install', '--packages-select', 'same_fuzzy_logic_controller']
[0.181s] DEBUG:colcon:Parsed command line arguments: Namespace(log_base=None, log_level=None, verb_name='build', build_base='build', install_base='install', merge_install=False, symlink_install=True, test_result_base=None, continue_on_error=False, executor='parallel', parallel_workers=8, event_handlers=None, ignore_user_meta=False, metas=['./colcon.meta'], base_paths=['.'], packages_ignore=None, packages_ignore_regex=None, paths=None, packages_up_to=None, packages_up_to_regex=None, packages_above=None, packages_above_and_dependencies=None, packages_above_depth=None, packages_select_by_dep=None, packages_skip_by_dep=None, packages_skip_up_to=None, packages_select_build_failed=False, packages_skip_build_finished=False, packages_select_test_failures=False, packages_skip_test_passed=False, packages_select=['same_fuzzy_logic_controller'], packages_skip=None, packages_select_regex=None, packages_skip_regex=None, packages_start=None, packages_end=None, allow_overriding=[], cmake_args=None, cmake_target=None, cmake_target_skip_unavailable=False, cmake_clean_cache=False, cmake_clean_first=False, cmake_force_configure=False, ament_cmake_args=None, catkin_cmake_args=None, catkin_skip_building_tests=False, verb_parser=<colcon_defaults.argument_parser.defaults.DefaultArgumentsDecorator object at 0x7f5edb2658d0>, verb_extension=<colcon_core.verb.build.BuildVerb object at 0x7f5edbd1c430>, main=<bound method BuildVerb.main of <colcon_core.verb.build.BuildVerb object at 0x7f5edbd1c430>>)
[0.201s] Level 1:colcon.colcon_core.package_discovery:discover_packages(colcon_meta) check parameters
[0.201s] Level 1:colcon.colcon_core.package_discovery:discover_packages(recursive) check parameters
[0.201s] Level 1:colcon.colcon_core.package_discovery:discover_packages(ignore) check parameters
[0.201s] Level 1:colcon.colcon_core.package_discovery:discover_packages(path) check parameters
[0.201s] Level 1:colcon.colcon_core.package_discovery:discover_packages(colcon_meta) discover
[0.201s] Level 1:colcon.colcon_core.package_discovery:discover_packages(recursive) discover
[0.201s] INFO:colcon.colcon_core.package_discovery:Crawling recursively for packages in '/home/pgarcia/Documents/GitHub/same_fuzzy_logic_controller'
[0.201s] Level 1:colcon.colcon_core.package_identification:_identify(.) by extensions ['ignore', 'ignore_ament_install']
[0.201s] Level 1:colcon.colcon_core.package_identification:_identify(.) by extension 'ignore'
[0.201s] Level 1:colcon.colcon_core.package_identification:_identify(.) by extension 'ignore_ament_install'
[0.201s] Level 1:colcon.colcon_core.package_identification:_identify(.) by extensions ['colcon_pkg']
[0.201s] Level 1:colcon.colcon_core.package_identification:_identify(.) by extension 'colcon_pkg'
[0.201s] Level 1:colcon.colcon_core.package_identification:_identify(.) by extensions ['colcon_meta']
[0.201s] Level 1:colcon.colcon_core.package_identification:_identify(.) by extension 'colcon_meta'
[0.201s] Level 1:colcon.colcon_core.package_identification:_identify(.) by extensions ['ros']
[0.201s] Level 1:colcon.colcon_core.package_identification:_identify(.) by extension 'ros'
[0.208s] Level 1:colcon.colcon_core.package_identification:_identify(.) by extensions ['cmake', 'python']
[0.208s] Level 1:colcon.colcon_core.package_identification:_identify(.) by extension 'cmake'
[0.208s] Level 1:colcon.colcon_core.package_identification:_identify(.) by extension 'python'
[0.208s] Level 1:colcon.colcon_core.package_identification:_identify(.) by extensions ['python_setup_py']
[0.208s] Level 1:colcon.colcon_core.package_identification:_identify(.) by extension 'python_setup_py'
[0.208s] Level 1:colcon.colcon_core.package_identification:_identify(build) by extensions ['ignore', 'ignore_ament_install']
[0.208s] Level 1:colcon.colcon_core.package_identification:_identify(build) by extension 'ignore'
[0.208s] Level 1:colcon.colcon_core.package_identification:_identify(build) ignored
[0.208s] Level 1:colcon.colcon_core.package_identification:_identify(fuzzylite) by extensions ['ignore', 'ignore_ament_install']
[0.209s] Level 1:colcon.colcon_core.package_identification:_identify(fuzzylite) by extension 'ignore'
[0.209s] Level 1:colcon.colcon_core.package_identification:_identify(fuzzylite) by extension 'ignore_ament_install'
[0.209s] Level 1:colcon.colcon_core.package_identification:_identify(fuzzylite) by extensions ['colcon_pkg']
[0.209s] Level 1:colcon.colcon_core.package_identification:_identify(fuzzylite) by extension 'colcon_pkg'
[0.209s] Level 1:colcon.colcon_core.package_identification:_identify(fuzzylite) by extensions ['colcon_meta']
[0.209s] Level 1:colcon.colcon_core.package_identification:_identify(fuzzylite) by extension 'colcon_meta'
[0.209s] Level 1:colcon.colcon_core.package_identification:_identify(fuzzylite) by extensions ['ros']
[0.209s] Level 1:colcon.colcon_core.package_identification:_identify(fuzzylite) by extension 'ros'
[0.209s] Level 1:colcon.colcon_core.package_identification:_identify(fuzzylite) by extensions ['cmake', 'python']
[0.209s] Level 1:colcon.colcon_core.package_identification:_identify(fuzzylite) by extension 'cmake'
[0.209s] Level 1:colcon.colcon_core.package_identification:_identify(fuzzylite) by extension 'python'
[0.209s] Level 1:colcon.colcon_core.package_identification:_identify(fuzzylite) by extensions ['python_setup_py']
[0.209s] Level 1:colcon.colcon_core.package_identification:_identify(fuzzylite) by extension 'python_setup_py'
[0.209s] Level 1:colcon.colcon_core.package_identification:_identify(fuzzylite/documentation) by extensions ['ignore', 'ignore_ament_install']
[0.209s] Level 1:colcon.colcon_core.package_identification:_identify(fuzzylite/documentation) by extension 'ignore'
[0.209s] Level 1:colcon.colcon_core.package_identification:_identify(fuzzylite/documentation) by extension 'ignore_ament_install'
[0.209s] Level 1:colcon.colcon_core.package_identification:_identify(fuzzylite/documentation) by extensions ['colcon_pkg']
[0.209s] Level 1:colcon.colcon_core.package_identification:_identify(fuzzylite/documentation) by extension 'colcon_pkg'
[0.209s] Level 1:colcon.colcon_core.package_identification:_identify(fuzzylite/documentation) by extensions ['colcon_meta']
[0.209s] Level 1:colcon.colcon_core.package_identification:_identify(fuzzylite/documentation) by extension 'colcon_meta'
[0.209s] Level 1:colcon.colcon_core.package_identification:_identify(fuzzylite/documentation) by extensions ['ros']
[0.209s] Level 1:colcon.colcon_core.package_identification:_identify(fuzzylite/documentation) by extension 'ros'
[0.209s] Level 1:colcon.colcon_core.package_identification:_identify(fuzzylite/documentation) by extensions ['cmake', 'python']
[0.209s] Level 1:colcon.colcon_core.package_identification:_identify(fuzzylite/documentation) by extension 'cmake'
[0.209s] Level 1:colcon.colcon_core.package_identification:_identify(fuzzylite/documentation) by extension 'python'
[0.209s] Level 1:colcon.colcon_core.package_identification:_identify(fuzzylite/documentation) by extensions ['python_setup_py']
[0.209s] Level 1:colcon.colcon_core.package_identification:_identify(fuzzylite/documentation) by extension 'python_setup_py'
[0.209s] Level 1:colcon.colcon_core.package_identification:_identify(fuzzylite/documentation/ui) by extensions ['ignore', 'ignore_ament_install']
[0.209s] Level 1:colcon.colcon_core.package_identification:_identify(fuzzylite/documentation/ui) by extension 'ignore'
[0.209s] Level 1:colcon.colcon_core.package_identification:_identify(fuzzylite/documentation/ui) by extension 'ignore_ament_install'
[0.209s] Level 1:colcon.colcon_core.package_identification:_identify(fuzzylite/documentation/ui) by extensions ['colcon_pkg']
[0.209s] Level 1:colcon.colcon_core.package_identification:_identify(fuzzylite/documentation/ui) by extension 'colcon_pkg'
[0.209s] Level 1:colcon.colcon_core.package_identification:_identify(fuzzylite/documentation/ui) by extensions ['colcon_meta']
[0.209s] Level 1:colcon.colcon_core.package_identification:_identify(fuzzylite/documentation/ui) by extension 'colcon_meta'
[0.209s] Level 1:colcon.colcon_core.package_identification:_identify(fuzzylite/documentation/ui) by extensions ['ros']
[0.209s] Level 1:colcon.colcon_core.package_identification:_identify(fuzzylite/documentation/ui) by extension 'ros'
[0.210s] Level 1:colcon.colcon_core.package_identification:_identify(fuzzylite/documentation/ui) by extensions ['cmake', 'python']
[0.210s] Level 1:colcon.colcon_core.package_identification:_identify(fuzzylite/documentation/ui) by extension 'cmake'
[0.210s] Level 1:colcon.colcon_core.package_identification:_identify(fuzzylite/documentation/ui) by extension 'python'
[0.210s] Level 1:colcon.colcon_core.package_identification:_identify(fuzzylite/documentation/ui) by extensions ['python_setup_py']
[0.210s] Level 1:colcon.colcon_core.package_identification:_identify(fuzzylite/documentation/ui) by extension 'python_setup_py'
[0.210s] Level 1:colcon.colcon_core.package_identification:_identify(fuzzylite/documentation/ui/figure) by extensions ['ignore', 'ignore_ament_install']
[0.210s] Level 1:colcon.colcon_core.package_identification:_identify(fuzzylite/documentation/ui/figure) by extension 'ignore'
[0.210s] Level 1:colcon.colcon_core.package_identification:_identify(fuzzylite/documentation/ui/figure) by extension 'ignore_ament_install'
[0.210s] Level 1:colcon.colcon_core.package_identification:_identify(fuzzylite/documentation/ui/figure) by extensions ['colcon_pkg']
[0.210s] Level 1:colcon.colcon_core.package_identification:_identify(fuzzylite/documentation/ui/figure) by extension 'colcon_pkg'
[0.210s] Level 1:colcon.colcon_core.package_identification:_identify(fuzzylite/documentation/ui/figure) by extensions ['colcon_meta']
[0.210s] Level 1:colcon.colcon_core.package_identification:_identify(fuzzylite/documentation/ui/figure) by extension 'colcon_meta'
[0.210s] Level 1:colcon.colcon_core.package_identification:_identify(fuzzylite/documentation/ui/figure) by extensions ['ros']
[0.210s] Level 1:colcon.colcon_core.package_identification:_identify(fuzzylite/documentation/ui/figure) by extension 'ros'
[0.210s] Level 1:colcon.colcon_core.package_identification:_identify(fuzzylite/documentation/ui/figure) by extensions ['cmake', 'python']
[0.210s] Level 1:colcon.colcon_core.package_identification:_identify(fuzzylite/documentation/ui/figure) by extension 'cmake'
[0.210s] Level 1:colcon.colcon_core.package_identification:_identify(fuzzylite/documentation/ui/figure) by extension 'python'
[0.210s] Level 1:colcon.colcon_core.package_identification:_identify(fuzzylite/documentation/ui/figure) by extensions ['python_setup_py']
[0.210s] Level 1:colcon.colcon_core.package_identification:_identify(fuzzylite/documentation/ui/figure) by extension 'python_setup_py'
[0.210s] Level 1:colcon.colcon_core.package_identification:_identify(fuzzylite/documentation/ui/image) by extensions ['ignore', 'ignore_ament_install']
[0.210s] Level 1:colcon.colcon_core.package_identification:_identify(fuzzylite/documentation/ui/image) by extension 'ignore'
[0.210s] Level 1:colcon.colcon_core.package_identification:_identify(fuzzylite/documentation/ui/image) by extension 'ignore_ament_install'
[0.210s] Level 1:colcon.colcon_core.package_identification:_identify(fuzzylite/documentation/ui/image) by extensions ['colcon_pkg']
[0.210s] Level 1:colcon.colcon_core.package_identification:_identify(fuzzylite/documentation/ui/image) by extension 'colcon_pkg'
[0.210s] Level 1:colcon.colcon_core.package_identification:_identify(fuzzylite/documentation/ui/image) by extensions ['colcon_meta']
[0.210s] Level 1:colcon.colcon_core.package_identification:_identify(fuzzylite/documentation/ui/image) by extension 'colcon_meta'
[0.210s] Level 1:colcon.colcon_core.package_identification:_identify(fuzzylite/documentation/ui/image) by extensions ['ros']
[0.210s] Level 1:colcon.colcon_core.package_identification:_identify(fuzzylite/documentation/ui/image) by extension 'ros'
[0.210s] Level 1:colcon.colcon_core.package_identification:_identify(fuzzylite/documentation/ui/image) by extensions ['cmake', 'python']
[0.210s] Level 1:colcon.colcon_core.package_identification:_identify(fuzzylite/documentation/ui/image) by extension 'cmake'
[0.210s] Level 1:colcon.colcon_core.package_identification:_identify(fuzzylite/documentation/ui/image) by extension 'python'
[0.210s] Level 1:colcon.colcon_core.package_identification:_identify(fuzzylite/documentation/ui/image) by extensions ['python_setup_py']
[0.210s] Level 1:colcon.colcon_core.package_identification:_identify(fuzzylite/documentation/ui/image) by extension 'python_setup_py'
[0.210s] Level 1:colcon.colcon_core.package_identification:_identify(fuzzylite/examples) by extensions ['ignore', 'ignore_ament_install']
[0.210s] Level 1:colcon.colcon_core.package_identification:_identify(fuzzylite/examples) by extension 'ignore'
[0.210s] Level 1:colcon.colcon_core.package_identification:_identify(fuzzylite/examples) by extension 'ignore_ament_install'
[0.211s] Level 1:colcon.colcon_core.package_identification:_identify(fuzzylite/examples) by extensions ['colcon_pkg']
[0.211s] Level 1:colcon.colcon_core.package_identification:_identify(fuzzylite/examples) by extension 'colcon_pkg'
[0.211s] Level 1:colcon.colcon_core.package_identification:_identify(fuzzylite/examples) by extensions ['colcon_meta']
[0.211s] Level 1:colcon.colcon_core.package_identification:_identify(fuzzylite/examples) by extension 'colcon_meta'
[0.211s] Level 1:colcon.colcon_core.package_identification:_identify(fuzzylite/examples) by extensions ['ros']
[0.211s] Level 1:colcon.colcon_core.package_identification:_identify(fuzzylite/examples) by extension 'ros'
[0.211s] Level 1:colcon.colcon_core.package_identification:_identify(fuzzylite/examples) by extensions ['cmake', 'python']
[0.211s] Level 1:colcon.colcon_core.package_identification:_identify(fuzzylite/examples) by extension 'cmake'
[0.211s] Level 1:colcon.colcon_core.package_identification:_identify(fuzzylite/examples) by extension 'python'
[0.211s] Level 1:colcon.colcon_core.package_identification:_identify(fuzzylite/examples) by extensions ['python_setup_py']
[0.211s] Level 1:colcon.colcon_core.package_identification:_identify(fuzzylite/examples) by extension 'python_setup_py'
[0.211s] Level 1:colcon.colcon_core.package_identification:_identify(fuzzylite/examples/application) by extensions ['ignore', 'ignore_ament_install']
[0.211s] Level 1:colcon.colcon_core.package_identification:_identify(fuzzylite/examples/application) by extension 'ignore'
[0.211s] Level 1:colcon.colcon_core.package_identification:_identify(fuzzylite/examples/application) by extension 'ignore_ament_install'
[0.211s] Level 1:colcon.colcon_core.package_identification:_identify(fuzzylite/examples/application) by extensions ['colcon_pkg']
[0.211s] Level 1:colcon.colcon_core.package_identification:_identify(fuzzylite/examples/application) by extension 'colcon_pkg'
[0.211s] Level 1:colcon.colcon_core.package_identification:_identify(fuzzylite/examples/application) by extensions ['colcon_meta']
[0.211s] Level 1:colcon.colcon_core.package_identification:_identify(fuzzylite/examples/application) by extension 'colcon_meta'
[0.211s] Level 1:colcon.colcon_core.package_identification:_identify(fuzzylite/examples/application) by extensions ['ros']
[0.211s] Level 1:colcon.colcon_core.package_identification:_identify(fuzzylite/examples/application) by extension 'ros'
[0.211s] Level 1:colcon.colcon_core.package_identification:_identify(fuzzylite/examples/application) by extensions ['cmake', 'python']
[0.211s] Level 1:colcon.colcon_core.package_identification:_identify(fuzzylite/examples/application) by extension 'cmake'
[0.212s] Level 1:colcon.colcon_core.package_identification:_identify(fuzzylite/examples/application) by extension 'python'
[0.212s] DEBUG:colcon.colcon_core.package_identification:Package 'fuzzylite/examples/application' with type 'cmake' and name 'FuzzyLiteDemo'
[0.212s] Level 1:colcon.colcon_core.package_identification:_identify(fuzzylite/examples/hybrid) by extensions ['ignore', 'ignore_ament_install']
[0.212s] Level 1:colcon.colcon_core.package_identification:_identify(fuzzylite/examples/hybrid) by extension 'ignore'
[0.212s] Level 1:colcon.colcon_core.package_identification:_identify(fuzzylite/examples/hybrid) by extension 'ignore_ament_install'
[0.212s] Level 1:colcon.colcon_core.package_identification:_identify(fuzzylite/examples/hybrid) by extensions ['colcon_pkg']
[0.212s] Level 1:colcon.colcon_core.package_identification:_identify(fuzzylite/examples/hybrid) by extension 'colcon_pkg'
[0.212s] Level 1:colcon.colcon_core.package_identification:_identify(fuzzylite/examples/hybrid) by extensions ['colcon_meta']
[0.212s] Level 1:colcon.colcon_core.package_identification:_identify(fuzzylite/examples/hybrid) by extension 'colcon_meta'
[0.212s] Level 1:colcon.colcon_core.package_identification:_identify(fuzzylite/examples/hybrid) by extensions ['ros']
[0.212s] Level 1:colcon.colcon_core.package_identification:_identify(fuzzylite/examples/hybrid) by extension 'ros'
[0.212s] Level 1:colcon.colcon_core.package_identification:_identify(fuzzylite/examples/hybrid) by extensions ['cmake', 'python']
[0.212s] Level 1:colcon.colcon_core.package_identification:_identify(fuzzylite/examples/hybrid) by extension 'cmake'
[0.212s] Level 1:colcon.colcon_core.package_identification:_identify(fuzzylite/examples/hybrid) by extension 'python'
[0.212s] Level 1:colcon.colcon_core.package_identification:_identify(fuzzylite/examples/hybrid) by extensions ['python_setup_py']
[0.213s] Level 1:colcon.colcon_core.package_identification:_identify(fuzzylite/examples/hybrid) by extension 'python_setup_py'
[0.213s] Level 1:colcon.colcon_core.package_identification:_identify(fuzzylite/examples/mamdani) by extensions ['ignore', 'ignore_ament_install']
[0.213s] Level 1:colcon.colcon_core.package_identification:_identify(fuzzylite/examples/mamdani) by extension 'ignore'
[0.213s] Level 1:colcon.colcon_core.package_identification:_identify(fuzzylite/examples/mamdani) by extension 'ignore_ament_install'
[0.213s] Level 1:colcon.colcon_core.package_identification:_identify(fuzzylite/examples/mamdani) by extensions ['colcon_pkg']
[0.213s] Level 1:colcon.colcon_core.package_identification:_identify(fuzzylite/examples/mamdani) by extension 'colcon_pkg'
[0.213s] Level 1:colcon.colcon_core.package_identification:_identify(fuzzylite/examples/mamdani) by extensions ['colcon_meta']
[0.213s] Level 1:colcon.colcon_core.package_identification:_identify(fuzzylite/examples/mamdani) by extension 'colcon_meta'
[0.213s] Level 1:colcon.colcon_core.package_identification:_identify(fuzzylite/examples/mamdani) by extensions ['ros']
[0.213s] Level 1:colcon.colcon_core.package_identification:_identify(fuzzylite/examples/mamdani) by extension 'ros'
[0.213s] Level 1:colcon.colcon_core.package_identification:_identify(fuzzylite/examples/mamdani) by extensions ['cmake', 'python']
[0.213s] Level 1:colcon.colcon_core.package_identification:_identify(fuzzylite/examples/mamdani) by extension 'cmake'
[0.213s] Level 1:colcon.colcon_core.package_identification:_identify(fuzzylite/examples/mamdani) by extension 'python'
[0.213s] Level 1:colcon.colcon_core.package_identification:_identify(fuzzylite/examples/mamdani) by extensions ['python_setup_py']
[0.213s] Level 1:colcon.colcon_core.package_identification:_identify(fuzzylite/examples/mamdani) by extension 'python_setup_py'
[0.213s] Level 1:colcon.colcon_core.package_identification:_identify(fuzzylite/examples/mamdani/matlab) by extensions ['ignore', 'ignore_ament_install']
[0.213s] Level 1:colcon.colcon_core.package_identification:_identify(fuzzylite/examples/mamdani/matlab) by extension 'ignore'
[0.213s] Level 1:colcon.colcon_core.package_identification:_identify(fuzzylite/examples/mamdani/matlab) by extension 'ignore_ament_install'
[0.213s] Level 1:colcon.colcon_core.package_identification:_identify(fuzzylite/examples/mamdani/matlab) by extensions ['colcon_pkg']
[0.213s] Level 1:colcon.colcon_core.package_identification:_identify(fuzzylite/examples/mamdani/matlab) by extension 'colcon_pkg'
[0.213s] Level 1:colcon.colcon_core.package_identification:_identify(fuzzylite/examples/mamdani/matlab) by extensions ['colcon_meta']
[0.213s] Level 1:colcon.colcon_core.package_identification:_identify(fuzzylite/examples/mamdani/matlab) by extension 'colcon_meta'
[0.213s] Level 1:colcon.colcon_core.package_identification:_identify(fuzzylite/examples/mamdani/matlab) by extensions ['ros']
[0.213s] Level 1:colcon.colcon_core.package_identification:_identify(fuzzylite/examples/mamdani/matlab) by extension 'ros'
[0.213s] Level 1:colcon.colcon_core.package_identification:_identify(fuzzylite/examples/mamdani/matlab) by extensions ['cmake', 'python']
[0.213s] Level 1:colcon.colcon_core.package_identification:_identify(fuzzylite/examples/mamdani/matlab) by extension 'cmake'
[0.213s] Level 1:colcon.colcon_core.package_identification:_identify(fuzzylite/examples/mamdani/matlab) by extension 'python'
[0.213s] Level 1:colcon.colcon_core.package_identification:_identify(fuzzylite/examples/mamdani/matlab) by extensions ['python_setup_py']
[0.213s] Level 1:colcon.colcon_core.package_identification:_identify(fuzzylite/examples/mamdani/matlab) by extension 'python_setup_py'
[0.213s] Level 1:colcon.colcon_core.package_identification:_identify(fuzzylite/examples/mamdani/octave) by extensions ['ignore', 'ignore_ament_install']
[0.213s] Level 1:colcon.colcon_core.package_identification:_identify(fuzzylite/examples/mamdani/octave) by extension 'ignore'
[0.213s] Level 1:colcon.colcon_core.package_identification:_identify(fuzzylite/examples/mamdani/octave) by extension 'ignore_ament_install'
[0.213s] Level 1:colcon.colcon_core.package_identification:_identify(fuzzylite/examples/mamdani/octave) by extensions ['colcon_pkg']
[0.213s] Level 1:colcon.colcon_core.package_identification:_identify(fuzzylite/examples/mamdani/octave) by extension 'colcon_pkg'
[0.213s] Level 1:colcon.colcon_core.package_identification:_identify(fuzzylite/examples/mamdani/octave) by extensions ['colcon_meta']
[0.214s] Level 1:colcon.colcon_core.package_identification:_identify(fuzzylite/examples/mamdani/octave) by extension 'colcon_meta'
[0.214s] Level 1:colcon.colcon_core.package_identification:_identify(fuzzylite/examples/mamdani/octave) by extensions ['ros']
[0.214s] Level 1:colcon.colcon_core.package_identification:_identify(fuzzylite/examples/mamdani/octave) by extension 'ros'
[0.214s] Level 1:colcon.colcon_core.package_identification:_identify(fuzzylite/examples/mamdani/octave) by extensions ['cmake', 'python']
[0.214s] Level 1:colcon.colcon_core.package_identification:_identify(fuzzylite/examples/mamdani/octave) by extension 'cmake'
[0.214s] Level 1:colcon.colcon_core.package_identification:_identify(fuzzylite/examples/mamdani/octave) by extension 'python'
[0.214s] Level 1:colcon.colcon_core.package_identification:_identify(fuzzylite/examples/mamdani/octave) by extensions ['python_setup_py']
[0.214s] Level 1:colcon.colcon_core.package_identification:_identify(fuzzylite/examples/mamdani/octave) by extension 'python_setup_py'
[0.214s] Level 1:colcon.colcon_core.package_identification:_identify(fuzzylite/examples/original) by extensions ['ignore', 'ignore_ament_install']
[0.214s] Level 1:colcon.colcon_core.package_identification:_identify(fuzzylite/examples/original) by extension 'ignore'
[0.214s] Level 1:colcon.colcon_core.package_identification:_identify(fuzzylite/examples/original) by extension 'ignore_ament_install'
[0.214s] Level 1:colcon.colcon_core.package_identification:_identify(fuzzylite/examples/original) by extensions ['colcon_pkg']
[0.214s] Level 1:colcon.colcon_core.package_identification:_identify(fuzzylite/examples/original) by extension 'colcon_pkg'
[0.214s] Level 1:colcon.colcon_core.package_identification:_identify(fuzzylite/examples/original) by extensions ['colcon_meta']
[0.214s] Level 1:colcon.colcon_core.package_identification:_identify(fuzzylite/examples/original) by extension 'colcon_meta'
[0.214s] Level 1:colcon.colcon_core.package_identification:_identify(fuzzylite/examples/original) by extensions ['ros']
[0.214s] Level 1:colcon.colcon_core.package_identification:_identify(fuzzylite/examples/original) by extension 'ros'
[0.214s] Level 1:colcon.colcon_core.package_identification:_identify(fuzzylite/examples/original) by extensions ['cmake', 'python']
[0.214s] Level 1:colcon.colcon_core.package_identification:_identify(fuzzylite/examples/original) by extension 'cmake'
[0.214s] Level 1:colcon.colcon_core.package_identification:_identify(fuzzylite/examples/original) by extension 'python'
[0.214s] Level 1:colcon.colcon_core.package_identification:_identify(fuzzylite/examples/original) by extensions ['python_setup_py']
[0.214s] Level 1:colcon.colcon_core.package_identification:_identify(fuzzylite/examples/original) by extension 'python_setup_py'
[0.214s] Level 1:colcon.colcon_core.package_identification:_identify(fuzzylite/examples/original/mamdani) by extensions ['ignore', 'ignore_ament_install']
[0.214s] Level 1:colcon.colcon_core.package_identification:_identify(fuzzylite/examples/original/mamdani) by extension 'ignore'
[0.214s] Level 1:colcon.colcon_core.package_identification:_identify(fuzzylite/examples/original/mamdani) by extension 'ignore_ament_install'
[0.214s] Level 1:colcon.colcon_core.package_identification:_identify(fuzzylite/examples/original/mamdani) by extensions ['colcon_pkg']
[0.214s] Level 1:colcon.colcon_core.package_identification:_identify(fuzzylite/examples/original/mamdani) by extension 'colcon_pkg'
[0.214s] Level 1:colcon.colcon_core.package_identification:_identify(fuzzylite/examples/original/mamdani) by extensions ['colcon_meta']
[0.214s] Level 1:colcon.colcon_core.package_identification:_identify(fuzzylite/examples/original/mamdani) by extension 'colcon_meta'
[0.214s] Level 1:colcon.colcon_core.package_identification:_identify(fuzzylite/examples/original/mamdani) by extensions ['ros']
[0.214s] Level 1:colcon.colcon_core.package_identification:_identify(fuzzylite/examples/original/mamdani) by extension 'ros'
[0.214s] Level 1:colcon.colcon_core.package_identification:_identify(fuzzylite/examples/original/mamdani) by extensions ['cmake', 'python']
[0.214s] Level 1:colcon.colcon_core.package_identification:_identify(fuzzylite/examples/original/mamdani) by extension 'cmake'
[0.214s] Level 1:colcon.colcon_core.package_identification:_identify(fuzzylite/examples/original/mamdani) by extension 'python'
[0.214s] Level 1:colcon.colcon_core.package_identification:_identify(fuzzylite/examples/original/mamdani) by extensions ['python_setup_py']
[0.214s] Level 1:colcon.colcon_core.package_identification:_identify(fuzzylite/examples/original/mamdani) by extension 'python_setup_py'
[0.214s] Level 1:colcon.colcon_core.package_identification:_identify(fuzzylite/examples/original/mamdani/matlab) by extensions ['ignore', 'ignore_ament_install']
[0.214s] Level 1:colcon.colcon_core.package_identification:_identify(fuzzylite/examples/original/mamdani/matlab) by extension 'ignore'
[0.215s] Level 1:colcon.colcon_core.package_identification:_identify(fuzzylite/examples/original/mamdani/matlab) by extension 'ignore_ament_install'
[0.215s] Level 1:colcon.colcon_core.package_identification:_identify(fuzzylite/examples/original/mamdani/matlab) by extensions ['colcon_pkg']
[0.215s] Level 1:colcon.colcon_core.package_identification:_identify(fuzzylite/examples/original/mamdani/matlab) by extension 'colcon_pkg'
[0.215s] Level 1:colcon.colcon_core.package_identification:_identify(fuzzylite/examples/original/mamdani/matlab) by extensions ['colcon_meta']
[0.215s] Level 1:colcon.colcon_core.package_identification:_identify(fuzzylite/examples/original/mamdani/matlab) by extension 'colcon_meta'
[0.215s] Level 1:colcon.colcon_core.package_identification:_identify(fuzzylite/examples/original/mamdani/matlab) by extensions ['ros']
[0.215s] Level 1:colcon.colcon_core.package_identification:_identify(fuzzylite/examples/original/mamdani/matlab) by extension 'ros'
[0.215s] Level 1:colcon.colcon_core.package_identification:_identify(fuzzylite/examples/original/mamdani/matlab) by extensions ['cmake', 'python']
[0.215s] Level 1:colcon.colcon_core.package_identification:_identify(fuzzylite/examples/original/mamdani/matlab) by extension 'cmake'
[0.215s] Level 1:colcon.colcon_core.package_identification:_identify(fuzzylite/examples/original/mamdani/matlab) by extension 'python'
[0.215s] Level 1:colcon.colcon_core.package_identification:_identify(fuzzylite/examples/original/mamdani/matlab) by extensions ['python_setup_py']
[0.215s] Level 1:colcon.colcon_core.package_identification:_identify(fuzzylite/examples/original/mamdani/matlab) by extension 'python_setup_py'
[0.215s] Level 1:colcon.colcon_core.package_identification:_identify(fuzzylite/examples/original/mamdani/octave) by extensions ['ignore', 'ignore_ament_install']
[0.215s] Level 1:colcon.colcon_core.package_identification:_identify(fuzzylite/examples/original/mamdani/octave) by extension 'ignore'
[0.215s] Level 1:colcon.colcon_core.package_identification:_identify(fuzzylite/examples/original/mamdani/octave) by extension 'ignore_ament_install'
[0.215s] Level 1:colcon.colcon_core.package_identification:_identify(fuzzylite/examples/original/mamdani/octave) by extensions ['colcon_pkg']
[0.215s] Level 1:colcon.colcon_core.package_identification:_identify(fuzzylite/examples/original/mamdani/octave) by extension 'colcon_pkg'
[0.215s] Level 1:colcon.colcon_core.package_identification:_identify(fuzzylite/examples/original/mamdani/octave) by extensions ['colcon_meta']
[0.215s] Level 1:colcon.colcon_core.package_identification:_identify(fuzzylite/examples/original/mamdani/octave) by extension 'colcon_meta'
[0.215s] Level 1:colcon.colcon_core.package_identification:_identify(fuzzylite/examples/original/mamdani/octave) by extensions ['ros']
[0.215s] Level 1:colcon.colcon_core.package_identification:_identify(fuzzylite/examples/original/mamdani/octave) by extension 'ros'
[0.215s] Level 1:colcon.colcon_core.package_identification:_identify(fuzzylite/examples/original/mamdani/octave) by extensions ['cmake', 'python']
[0.215s] Level 1:colcon.colcon_core.package_identification:_identify(fuzzylite/examples/original/mamdani/octave) by extension 'cmake'
[0.215s] Level 1:colcon.colcon_core.package_identification:_identify(fuzzylite/examples/original/mamdani/octave) by extension 'python'
[0.215s] Level 1:colcon.colcon_core.package_identification:_identify(fuzzylite/examples/original/mamdani/octave) by extensions ['python_setup_py']
[0.215s] Level 1:colcon.colcon_core.package_identification:_identify(fuzzylite/examples/original/mamdani/octave) by extension 'python_setup_py'
[0.215s] Level 1:colcon.colcon_core.package_identification:_identify(fuzzylite/examples/original/takagi-sugeno) by extensions ['ignore', 'ignore_ament_install']
[0.215s] Level 1:colcon.colcon_core.package_identification:_identify(fuzzylite/examples/original/takagi-sugeno) by extension 'ignore'
[0.215s] Level 1:colcon.colcon_core.package_identification:_identify(fuzzylite/examples/original/takagi-sugeno) by extension 'ignore_ament_install'
[0.215s] Level 1:colcon.colcon_core.package_identification:_identify(fuzzylite/examples/original/takagi-sugeno) by extensions ['colcon_pkg']
[0.215s] Level 1:colcon.colcon_core.package_identification:_identify(fuzzylite/examples/original/takagi-sugeno) by extension 'colcon_pkg'
[0.215s] Level 1:colcon.colcon_core.package_identification:_identify(fuzzylite/examples/original/takagi-sugeno) by extensions ['colcon_meta']
[0.215s] Level 1:colcon.colcon_core.package_identification:_identify(fuzzylite/examples/original/takagi-sugeno) by extension 'colcon_meta'
[0.215s] Level 1:colcon.colcon_core.package_identification:_identify(fuzzylite/examples/original/takagi-sugeno) by extensions ['ros']
[0.215s] Level 1:colcon.colcon_core.package_identification:_identify(fuzzylite/examples/original/takagi-sugeno) by extension 'ros'
[0.215s] Level 1:colcon.colcon_core.package_identification:_identify(fuzzylite/examples/original/takagi-sugeno) by extensions ['cmake', 'python']
[0.215s] Level 1:colcon.colcon_core.package_identification:_identify(fuzzylite/examples/original/takagi-sugeno) by extension 'cmake'
[0.215s] Level 1:colcon.colcon_core.package_identification:_identify(fuzzylite/examples/original/takagi-sugeno) by extension 'python'
[0.215s] Level 1:colcon.colcon_core.package_identification:_identify(fuzzylite/examples/original/takagi-sugeno) by extensions ['python_setup_py']
[0.215s] Level 1:colcon.colcon_core.package_identification:_identify(fuzzylite/examples/original/takagi-sugeno) by extension 'python_setup_py'
[0.216s] Level 1:colcon.colcon_core.package_identification:_identify(fuzzylite/examples/original/takagi-sugeno/matlab) by extensions ['ignore', 'ignore_ament_install']
[0.216s] Level 1:colcon.colcon_core.package_identification:_identify(fuzzylite/examples/original/takagi-sugeno/matlab) by extension 'ignore'
[0.216s] Level 1:colcon.colcon_core.package_identification:_identify(fuzzylite/examples/original/takagi-sugeno/matlab) by extension 'ignore_ament_install'
[0.216s] Level 1:colcon.colcon_core.package_identification:_identify(fuzzylite/examples/original/takagi-sugeno/matlab) by extensions ['colcon_pkg']
[0.216s] Level 1:colcon.colcon_core.package_identification:_identify(fuzzylite/examples/original/takagi-sugeno/matlab) by extension 'colcon_pkg'
[0.216s] Level 1:colcon.colcon_core.package_identification:_identify(fuzzylite/examples/original/takagi-sugeno/matlab) by extensions ['colcon_meta']
[0.216s] Level 1:colcon.colcon_core.package_identification:_identify(fuzzylite/examples/original/takagi-sugeno/matlab) by extension 'colcon_meta'
[0.216s] Level 1:colcon.colcon_core.package_identification:_identify(fuzzylite/examples/original/takagi-sugeno/matlab) by extensions ['ros']
[0.216s] Level 1:colcon.colcon_core.package_identification:_identify(fuzzylite/examples/original/takagi-sugeno/matlab) by extension 'ros'
[0.216s] Level 1:colcon.colcon_core.package_identification:_identify(fuzzylite/examples/original/takagi-sugeno/matlab) by extensions ['cmake', 'python']
[0.216s] Level 1:colcon.colcon_core.package_identification:_identify(fuzzylite/examples/original/takagi-sugeno/matlab) by extension 'cmake'
[0.216s] Level 1:colcon.colcon_core.package_identification:_identify(fuzzylite/examples/original/takagi-sugeno/matlab) by extension 'python'
[0.216s] Level 1:colcon.colcon_core.package_identification:_identify(fuzzylite/examples/original/takagi-sugeno/matlab) by extensions ['python_setup_py']
[0.216s] Level 1:colcon.colcon_core.package_identification:_identify(fuzzylite/examples/original/takagi-sugeno/matlab) by extension 'python_setup_py'
[0.216s] Level 1:colcon.colcon_core.package_identification:_identify(fuzzylite/examples/original/takagi-sugeno/octave) by extensions ['ignore', 'ignore_ament_install']
[0.216s] Level 1:colcon.colcon_core.package_identification:_identify(fuzzylite/examples/original/takagi-sugeno/octave) by extension 'ignore'
[0.216s] Level 1:colcon.colcon_core.package_identification:_identify(fuzzylite/examples/original/takagi-sugeno/octave) by extension 'ignore_ament_install'
[0.216s] Level 1:colcon.colcon_core.package_identification:_identify(fuzzylite/examples/original/takagi-sugeno/octave) by extensions ['colcon_pkg']
[0.216s] Level 1:colcon.colcon_core.package_identification:_identify(fuzzylite/examples/original/takagi-sugeno/octave) by extension 'colcon_pkg'
[0.216s] Level 1:colcon.colcon_core.package_identification:_identify(fuzzylite/examples/original/takagi-sugeno/octave) by extensions ['colcon_meta']
[0.216s] Level 1:colcon.colcon_core.package_identification:_identify(fuzzylite/examples/original/takagi-sugeno/octave) by extension 'colcon_meta'
[0.216s] Level 1:colcon.colcon_core.package_identification:_identify(fuzzylite/examples/original/takagi-sugeno/octave) by extensions ['ros']
[0.216s] Level 1:colcon.colcon_core.package_identification:_identify(fuzzylite/examples/original/takagi-sugeno/octave) by extension 'ros'
[0.216s] Level 1:colcon.colcon_core.package_identification:_identify(fuzzylite/examples/original/takagi-sugeno/octave) by extensions ['cmake', 'python']
[0.216s] Level 1:colcon.colcon_core.package_identification:_identify(fuzzylite/examples/original/takagi-sugeno/octave) by extension 'cmake'
[0.216s] Level 1:colcon.colcon_core.package_identification:_identify(fuzzylite/examples/original/takagi-sugeno/octave) by extension 'python'
[0.216s] Level 1:colcon.colcon_core.package_identification:_identify(fuzzylite/examples/original/takagi-sugeno/octave) by extensions ['python_setup_py']
[0.216s] Level 1:colcon.colcon_core.package_identification:_identify(fuzzylite/examples/original/takagi-sugeno/octave) by extension 'python_setup_py'
[0.216s] Level 1:colcon.colcon_core.package_identification:_identify(fuzzylite/examples/original/tsukamoto) by extensions ['ignore', 'ignore_ament_install']
[0.216s] Level 1:colcon.colcon_core.package_identification:_identify(fuzzylite/examples/original/tsukamoto) by extension 'ignore'
[0.216s] Level 1:colcon.colcon_core.package_identification:_identify(fuzzylite/examples/original/tsukamoto) by extension 'ignore_ament_install'
[0.216s] Level 1:colcon.colcon_core.package_identification:_identify(fuzzylite/examples/original/tsukamoto) by extensions ['colcon_pkg']
[0.216s] Level 1:colcon.colcon_core.package_identification:_identify(fuzzylite/examples/original/tsukamoto) by extension 'colcon_pkg'
[0.216s] Level 1:colcon.colcon_core.package_identification:_identify(fuzzylite/examples/original/tsukamoto) by extensions ['colcon_meta']
[0.216s] Level 1:colcon.colcon_core.package_identification:_identify(fuzzylite/examples/original/tsukamoto) by extension 'colcon_meta'
[0.216s] Level 1:colcon.colcon_core.package_identification:_identify(fuzzylite/examples/original/tsukamoto) by extensions ['ros']
[0.216s] Level 1:colcon.colcon_core.package_identification:_identify(fuzzylite/examples/original/tsukamoto) by extension 'ros'
[0.217s] Level 1:colcon.colcon_core.package_identification:_identify(fuzzylite/examples/original/tsukamoto) by extensions ['cmake', 'python']
[0.217s] Level 1:colcon.colcon_core.package_identification:_identify(fuzzylite/examples/original/tsukamoto) by extension 'cmake'
[0.217s] Level 1:colcon.colcon_core.package_identification:_identify(fuzzylite/examples/original/tsukamoto) by extension 'python'
[0.217s] Level 1:colcon.colcon_core.package_identification:_identify(fuzzylite/examples/original/tsukamoto) by extensions ['python_setup_py']
[0.217s] Level 1:colcon.colcon_core.package_identification:_identify(fuzzylite/examples/original/tsukamoto) by extension 'python_setup_py'
[0.217s] Level 1:colcon.colcon_core.package_identification:_identify(fuzzylite/examples/sflc) by extensions ['ignore', 'ignore_ament_install']
[0.217s] Level 1:colcon.colcon_core.package_identification:_identify(fuzzylite/examples/sflc) by extension 'ignore'
[0.217s] Level 1:colcon.colcon_core.package_identification:_identify(fuzzylite/examples/sflc) by extension 'ignore_ament_install'
[0.217s] Level 1:colcon.colcon_core.package_identification:_identify(fuzzylite/examples/sflc) by extensions ['colcon_pkg']
[0.217s] Level 1:colcon.colcon_core.package_identification:_identify(fuzzylite/examples/sflc) by extension 'colcon_pkg'
[0.217s] Level 1:colcon.colcon_core.package_identification:_identify(fuzzylite/examples/sflc) by extensions ['colcon_meta']
[0.217s] Level 1:colcon.colcon_core.package_identification:_identify(fuzzylite/examples/sflc) by extension 'colcon_meta'
[0.217s] Level 1:colcon.colcon_core.package_identification:_identify(fuzzylite/examples/sflc) by extensions ['ros']
[0.217s] Level 1:colcon.colcon_core.package_identification:_identify(fuzzylite/examples/sflc) by extension 'ros'
[0.217s] Level 1:colcon.colcon_core.package_identification:_identify(fuzzylite/examples/sflc) by extensions ['cmake', 'python']
[0.217s] Level 1:colcon.colcon_core.package_identification:_identify(fuzzylite/examples/sflc) by extension 'cmake'
[0.218s] Level 1:colcon.colcon_core.package_identification:_identify(fuzzylite/examples/sflc) by extension 'python'
[0.218s] DEBUG:colcon.colcon_core.package_identification:Package 'fuzzylite/examples/sflc' with type 'cmake' and name 'FuzzyLiteDemo'
[0.218s] Level 1:colcon.colcon_core.package_identification:_identify(fuzzylite/examples/takagi-sugeno) by extensions ['ignore', 'ignore_ament_install']
[0.218s] Level 1:colcon.colcon_core.package_identification:_identify(fuzzylite/examples/takagi-sugeno) by extension 'ignore'
[0.218s] Level 1:colcon.colcon_core.package_identification:_identify(fuzzylite/examples/takagi-sugeno) by extension 'ignore_ament_install'
[0.218s] Level 1:colcon.colcon_core.package_identification:_identify(fuzzylite/examples/takagi-sugeno) by extensions ['colcon_pkg']
[0.218s] Level 1:colcon.colcon_core.package_identification:_identify(fuzzylite/examples/takagi-sugeno) by extension 'colcon_pkg'
[0.218s] Level 1:colcon.colcon_core.package_identification:_identify(fuzzylite/examples/takagi-sugeno) by extensions ['colcon_meta']
[0.218s] Level 1:colcon.colcon_core.package_identification:_identify(fuzzylite/examples/takagi-sugeno) by extension 'colcon_meta'
[0.218s] Level 1:colcon.colcon_core.package_identification:_identify(fuzzylite/examples/takagi-sugeno) by extensions ['ros']
[0.218s] Level 1:colcon.colcon_core.package_identification:_identify(fuzzylite/examples/takagi-sugeno) by extension 'ros'
[0.218s] Level 1:colcon.colcon_core.package_identification:_identify(fuzzylite/examples/takagi-sugeno) by extensions ['cmake', 'python']
[0.218s] Level 1:colcon.colcon_core.package_identification:_identify(fuzzylite/examples/takagi-sugeno) by extension 'cmake'
[0.218s] Level 1:colcon.colcon_core.package_identification:_identify(fuzzylite/examples/takagi-sugeno) by extension 'python'
[0.219s] Level 1:colcon.colcon_core.package_identification:_identify(fuzzylite/examples/takagi-sugeno) by extensions ['python_setup_py']
[0.219s] Level 1:colcon.colcon_core.package_identification:_identify(fuzzylite/examples/takagi-sugeno) by extension 'python_setup_py'
[0.219s] Level 1:colcon.colcon_core.package_identification:_identify(fuzzylite/examples/takagi-sugeno/matlab) by extensions ['ignore', 'ignore_ament_install']
[0.219s] Level 1:colcon.colcon_core.package_identification:_identify(fuzzylite/examples/takagi-sugeno/matlab) by extension 'ignore'
[0.219s] Level 1:colcon.colcon_core.package_identification:_identify(fuzzylite/examples/takagi-sugeno/matlab) by extension 'ignore_ament_install'
[0.219s] Level 1:colcon.colcon_core.package_identification:_identify(fuzzylite/examples/takagi-sugeno/matlab) by extensions ['colcon_pkg']
[0.219s] Level 1:colcon.colcon_core.package_identification:_identify(fuzzylite/examples/takagi-sugeno/matlab) by extension 'colcon_pkg'
[0.219s] Level 1:colcon.colcon_core.package_identification:_identify(fuzzylite/examples/takagi-sugeno/matlab) by extensions ['colcon_meta']
[0.219s] Level 1:colcon.colcon_core.package_identification:_identify(fuzzylite/examples/takagi-sugeno/matlab) by extension 'colcon_meta'
[0.219s] Level 1:colcon.colcon_core.package_identification:_identify(fuzzylite/examples/takagi-sugeno/matlab) by extensions ['ros']
[0.219s] Level 1:colcon.colcon_core.package_identification:_identify(fuzzylite/examples/takagi-sugeno/matlab) by extension 'ros'
[0.219s] Level 1:colcon.colcon_core.package_identification:_identify(fuzzylite/examples/takagi-sugeno/matlab) by extensions ['cmake', 'python']
[0.219s] Level 1:colcon.colcon_core.package_identification:_identify(fuzzylite/examples/takagi-sugeno/matlab) by extension 'cmake'
[0.219s] Level 1:colcon.colcon_core.package_identification:_identify(fuzzylite/examples/takagi-sugeno/matlab) by extension 'python'
[0.219s] Level 1:colcon.colcon_core.package_identification:_identify(fuzzylite/examples/takagi-sugeno/matlab) by extensions ['python_setup_py']
[0.219s] Level 1:colcon.colcon_core.package_identification:_identify(fuzzylite/examples/takagi-sugeno/matlab) by extension 'python_setup_py'
[0.219s] Level 1:colcon.colcon_core.package_identification:_identify(fuzzylite/examples/takagi-sugeno/octave) by extensions ['ignore', 'ignore_ament_install']
[0.219s] Level 1:colcon.colcon_core.package_identification:_identify(fuzzylite/examples/takagi-sugeno/octave) by extension 'ignore'
[0.219s] Level 1:colcon.colcon_core.package_identification:_identify(fuzzylite/examples/takagi-sugeno/octave) by extension 'ignore_ament_install'
[0.219s] Level 1:colcon.colcon_core.package_identification:_identify(fuzzylite/examples/takagi-sugeno/octave) by extensions ['colcon_pkg']
[0.219s] Level 1:colcon.colcon_core.package_identification:_identify(fuzzylite/examples/takagi-sugeno/octave) by extension 'colcon_pkg'
[0.219s] Level 1:colcon.colcon_core.package_identification:_identify(fuzzylite/examples/takagi-sugeno/octave) by extensions ['colcon_meta']
[0.219s] Level 1:colcon.colcon_core.package_identification:_identify(fuzzylite/examples/takagi-sugeno/octave) by extension 'colcon_meta'
[0.219s] Level 1:colcon.colcon_core.package_identification:_identify(fuzzylite/examples/takagi-sugeno/octave) by extensions ['ros']
[0.219s] Level 1:colcon.colcon_core.package_identification:_identify(fuzzylite/examples/takagi-sugeno/octave) by extension 'ros'
[0.219s] Level 1:colcon.colcon_core.package_identification:_identify(fuzzylite/examples/takagi-sugeno/octave) by extensions ['cmake', 'python']
[0.219s] Level 1:colcon.colcon_core.package_identification:_identify(fuzzylite/examples/takagi-sugeno/octave) by extension 'cmake'
[0.219s] Level 1:colcon.colcon_core.package_identification:_identify(fuzzylite/examples/takagi-sugeno/octave) by extension 'python'
[0.219s] Level 1:colcon.colcon_core.package_identification:_identify(fuzzylite/examples/takagi-sugeno/octave) by extensions ['python_setup_py']
[0.219s] Level 1:colcon.colcon_core.package_identification:_identify(fuzzylite/examples/takagi-sugeno/octave) by extension 'python_setup_py'
[0.219s] Level 1:colcon.colcon_core.package_identification:_identify(fuzzylite/examples/tsukamoto) by extensions ['ignore', 'ignore_ament_install']
[0.219s] Level 1:colcon.colcon_core.package_identification:_identify(fuzzylite/examples/tsukamoto) by extension 'ignore'
[0.219s] Level 1:colcon.colcon_core.package_identification:_identify(fuzzylite/examples/tsukamoto) by extension 'ignore_ament_install'
[0.219s] Level 1:colcon.colcon_core.package_identification:_identify(fuzzylite/examples/tsukamoto) by extensions ['colcon_pkg']
[0.219s] Level 1:colcon.colcon_core.package_identification:_identify(fuzzylite/examples/tsukamoto) by extension 'colcon_pkg'
[0.220s] Level 1:colcon.colcon_core.package_identification:_identify(fuzzylite/examples/tsukamoto) by extensions ['colcon_meta']
[0.220s] Level 1:colcon.colcon_core.package_identification:_identify(fuzzylite/examples/tsukamoto) by extension 'colcon_meta'
[0.220s] Level 1:colcon.colcon_core.package_identification:_identify(fuzzylite/examples/tsukamoto) by extensions ['ros']
[0.220s] Level 1:colcon.colcon_core.package_identification:_identify(fuzzylite/examples/tsukamoto) by extension 'ros'
[0.220s] Level 1:colcon.colcon_core.package_identification:_identify(fuzzylite/examples/tsukamoto) by extensions ['cmake', 'python']
[0.220s] Level 1:colcon.colcon_core.package_identification:_identify(fuzzylite/examples/tsukamoto) by extension 'cmake'
[0.220s] Level 1:colcon.colcon_core.package_identification:_identify(fuzzylite/examples/tsukamoto) by extension 'python'
[0.220s] Level 1:colcon.colcon_core.package_identification:_identify(fuzzylite/examples/tsukamoto) by extensions ['python_setup_py']
[0.220s] Level 1:colcon.colcon_core.package_identification:_identify(fuzzylite/examples/tsukamoto) by extension 'python_setup_py'
[0.220s] Level 1:colcon.colcon_core.package_identification:_identify(fuzzylite/examples/web) by extensions ['ignore', 'ignore_ament_install']
[0.220s] Level 1:colcon.colcon_core.package_identification:_identify(fuzzylite/examples/web) by extension 'ignore'
[0.220s] Level 1:colcon.colcon_core.package_identification:_identify(fuzzylite/examples/web) by extension 'ignore_ament_install'
[0.220s] Level 1:colcon.colcon_core.package_identification:_identify(fuzzylite/examples/web) by extensions ['colcon_pkg']
[0.220s] Level 1:colcon.colcon_core.package_identification:_identify(fuzzylite/examples/web) by extension 'colcon_pkg'
[0.220s] Level 1:colcon.colcon_core.package_identification:_identify(fuzzylite/examples/web) by extensions ['colcon_meta']
[0.220s] Level 1:colcon.colcon_core.package_identification:_identify(fuzzylite/examples/web) by extension 'colcon_meta'
[0.220s] Level 1:colcon.colcon_core.package_identification:_identify(fuzzylite/examples/web) by extensions ['ros']
[0.220s] Level 1:colcon.colcon_core.package_identification:_identify(fuzzylite/examples/web) by extension 'ros'
[0.220s] Level 1:colcon.colcon_core.package_identification:_identify(fuzzylite/examples/web) by extensions ['cmake', 'python']
[0.220s] Level 1:colcon.colcon_core.package_identification:_identify(fuzzylite/examples/web) by extension 'cmake'
[0.220s] Level 1:colcon.colcon_core.package_identification:_identify(fuzzylite/examples/web) by extension 'python'
[0.220s] DEBUG:colcon.colcon_core.package_identification:Package 'fuzzylite/examples/web' with type 'cmake' and name 'FuzzyLiteDemo'
[0.220s] Level 1:colcon.colcon_core.package_identification:_identify(fuzzylite/fuzzylite) by extensions ['ignore', 'ignore_ament_install']
[0.221s] Level 1:colcon.colcon_core.package_identification:_identify(fuzzylite/fuzzylite) by extension 'ignore'
[0.221s] Level 1:colcon.colcon_core.package_identification:_identify(fuzzylite/fuzzylite) by extension 'ignore_ament_install'
[0.221s] Level 1:colcon.colcon_core.package_identification:_identify(fuzzylite/fuzzylite) by extensions ['colcon_pkg']
[0.221s] Level 1:colcon.colcon_core.package_identification:_identify(fuzzylite/fuzzylite) by extension 'colcon_pkg'
[0.221s] Level 1:colcon.colcon_core.package_identification:_identify(fuzzylite/fuzzylite) by extensions ['colcon_meta']
[0.221s] Level 1:colcon.colcon_core.package_identification:_identify(fuzzylite/fuzzylite) by extension 'colcon_meta'
[0.221s] Level 1:colcon.colcon_core.package_identification:_identify(fuzzylite/fuzzylite) by extensions ['ros']
[0.221s] Level 1:colcon.colcon_core.package_identification:_identify(fuzzylite/fuzzylite) by extension 'ros'
[0.221s] Level 1:colcon.colcon_core.package_identification:_identify(fuzzylite/fuzzylite) by extensions ['cmake', 'python']
[0.221s] Level 1:colcon.colcon_core.package_identification:_identify(fuzzylite/fuzzylite) by extension 'cmake'
[0.227s] Level 1:colcon.colcon_core.package_identification:_identify(fuzzylite/fuzzylite) by extension 'python'
[0.227s] DEBUG:colcon.colcon_core.package_identification:Package 'fuzzylite/fuzzylite' with type 'cmake' and name 'fuzzylite'
[0.227s] Level 1:colcon.colcon_core.package_identification:_identify(install) by extensions ['ignore', 'ignore_ament_install']
[0.227s] Level 1:colcon.colcon_core.package_identification:_identify(install) by extension 'ignore'
[0.227s] Level 1:colcon.colcon_core.package_identification:_identify(install) ignored
[0.227s] Level 1:colcon.colcon_core.package_identification:_identify(log) by extensions ['ignore', 'ignore_ament_install']
[0.227s] Level 1:colcon.colcon_core.package_identification:_identify(log) by extension 'ignore'
[0.227s] Level 1:colcon.colcon_core.package_identification:_identify(log) ignored
[0.227s] Level 1:colcon.colcon_core.package_identification:_identify(same_fuzzy_logic_controller) by extensions ['ignore', 'ignore_ament_install']
[0.227s] Level 1:colcon.colcon_core.package_identification:_identify(same_fuzzy_logic_controller) by extension 'ignore'
[0.227s] Level 1:colcon.colcon_core.package_identification:_identify(same_fuzzy_logic_controller) by extension 'ignore_ament_install'
[0.227s] Level 1:colcon.colcon_core.package_identification:_identify(same_fuzzy_logic_controller) by extensions ['colcon_pkg']
[0.227s] Level 1:colcon.colcon_core.package_identification:_identify(same_fuzzy_logic_controller) by extension 'colcon_pkg'
[0.227s] Level 1:colcon.colcon_core.package_identification:_identify(same_fuzzy_logic_controller) by extensions ['colcon_meta']
[0.227s] Level 1:colcon.colcon_core.package_identification:_identify(same_fuzzy_logic_controller) by extension 'colcon_meta'
[0.227s] Level 1:colcon.colcon_core.package_identification:_identify(same_fuzzy_logic_controller) by extensions ['ros']
[0.227s] Level 1:colcon.colcon_core.package_identification:_identify(same_fuzzy_logic_controller) by extension 'ros'
[0.229s] DEBUG:colcon.colcon_core.package_identification:Package 'same_fuzzy_logic_controller' with type 'ros.ament_cmake' and name 'same_fuzzy_logic_controller'
[0.229s] Level 1:colcon.colcon_core.package_discovery:discover_packages(recursive) using defaults
[0.229s] Level 1:colcon.colcon_core.package_discovery:discover_packages(ignore) discover
[0.229s] Level 1:colcon.colcon_core.package_discovery:discover_packages(ignore) using defaults
[0.229s] Level 1:colcon.colcon_core.package_discovery:discover_packages(path) discover
[0.229s] Level 1:colcon.colcon_core.package_discovery:discover_packages(path) using defaults
[0.245s] INFO:colcon.colcon_core.package_selection:Skipping not selected package 'FuzzyLiteDemo' in 'fuzzylite/examples/web'
[0.245s] INFO:colcon.colcon_core.package_selection:Skipping not selected package 'FuzzyLiteDemo' in 'fuzzylite/examples/sflc'
[0.245s] INFO:colcon.colcon_core.package_selection:Skipping not selected package 'FuzzyLiteDemo' in 'fuzzylite/examples/application'
[0.245s] INFO:colcon.colcon_core.package_selection:Skipping not selected package 'fuzzylite' in 'fuzzylite/fuzzylite'
[0.245s] Level 1:colcon.colcon_core.package_discovery:discover_packages(prefix_path) check parameters
[0.245s] Level 1:colcon.colcon_core.package_discovery:discover_packages(prefix_path) discover
[0.248s] DEBUG:colcon.colcon_installed_package_information.package_discovery:Found 39 installed packages in /home/pgarcia/ros2_ws/install
[0.249s] DEBUG:colcon.colcon_installed_package_information.package_discovery:Found 329 installed packages in /opt/ros/rolling
[0.250s] Level 1:colcon.colcon_core.package_discovery:discover_packages(prefix_path) using defaults
[0.288s] Level 5:colcon.colcon_core.verb:set package 'same_fuzzy_logic_controller' build argument 'cmake_args' from command line to 'None'
[0.288s] Level 5:colcon.colcon_core.verb:set package 'same_fuzzy_logic_controller' build argument 'cmake_target' from command line to 'None'
[0.288s] Level 5:colcon.colcon_core.verb:set package 'same_fuzzy_logic_controller' build argument 'cmake_target_skip_unavailable' from command line to 'False'
[0.288s] Level 5:colcon.colcon_core.verb:set package 'same_fuzzy_logic_controller' build argument 'cmake_clean_cache' from command line to 'False'
[0.288s] Level 5:colcon.colcon_core.verb:set package 'same_fuzzy_logic_controller' build argument 'cmake_clean_first' from command line to 'False'
[0.288s] Level 5:colcon.colcon_core.verb:set package 'same_fuzzy_logic_controller' build argument 'cmake_force_configure' from command line to 'False'
[0.288s] Level 5:colcon.colcon_core.verb:set package 'same_fuzzy_logic_controller' build argument 'ament_cmake_args' from command line to 'None'
[0.288s] Level 5:colcon.colcon_core.verb:set package 'same_fuzzy_logic_controller' build argument 'catkin_cmake_args' from command line to 'None'
[0.288s] Level 5:colcon.colcon_core.verb:set package 'same_fuzzy_logic_controller' build argument 'catkin_skip_building_tests' from command line to 'False'
[0.288s] DEBUG:colcon.colcon_core.verb:Building package 'same_fuzzy_logic_controller' with the following arguments: {'ament_cmake_args': None, 'build_base': '/home/pgarcia/Documents/GitHub/same_fuzzy_logic_controller/build/same_fuzzy_logic_controller', 'catkin_cmake_args': None, 'catkin_skip_building_tests': False, 'cmake_args': None, 'cmake_clean_cache': False, 'cmake_clean_first': False, 'cmake_force_configure': False, 'cmake_target': None, 'cmake_target_skip_unavailable': False, 'install_base': '/home/pgarcia/Documents/GitHub/same_fuzzy_logic_controller/install/same_fuzzy_logic_controller', 'merge_install': False, 'path': '/home/pgarcia/Documents/GitHub/same_fuzzy_logic_controller/same_fuzzy_logic_controller', 'symlink_install': True, 'test_result_base': None}
[0.288s] INFO:colcon.colcon_core.executor:Executing jobs using 'parallel' executor
[0.290s] DEBUG:colcon.colcon_parallel_executor.executor.parallel:run_until_complete
[0.291s] INFO:colcon.colcon_ros.task.ament_cmake.build:Building ROS package in '/home/pgarcia/Documents/GitHub/same_fuzzy_logic_controller/same_fuzzy_logic_controller' with build type 'ament_cmake'
[0.291s] INFO:colcon.colcon_cmake.task.cmake.build:Building CMake package in '/home/pgarcia/Documents/GitHub/same_fuzzy_logic_controller/same_fuzzy_logic_controller'
[0.293s] INFO:colcon.colcon_core.plugin_system:Skipping extension 'colcon_core.shell.bat': Not used on non-Windows systems
[0.293s] INFO:colcon.colcon_core.shell:Skip shell extension 'powershell' for command environment: Not usable outside of PowerShell
[0.293s] DEBUG:colcon.colcon_core.shell:Skip shell extension 'dsv' for command environment
[0.303s] DEBUG:colcon.colcon_core.event_handler.log_command:Invoking command in '/home/pgarcia/Documents/GitHub/same_fuzzy_logic_controller/build/same_fuzzy_logic_controller': CMAKE_PREFIX_PATH=${CMAKE_PREFIX_PATH}:/home/pgarcia/ros2_ws/install/nav2_simple_commander:/opt/ros/rolling /usr/bin/cmake --build /home/pgarcia/Documents/GitHub/same_fuzzy_logic_controller/build/same_fuzzy_logic_controller -- -j8 -l8
[3.847s] DEBUG:colcon.colcon_core.event_handler.log_command:Invoked command in '/home/pgarcia/Documents/GitHub/same_fuzzy_logic_controller/build/same_fuzzy_logic_controller' returned '2': CMAKE_PREFIX_PATH=${CMAKE_PREFIX_PATH}:/home/pgarcia/ros2_ws/install/nav2_simple_commander:/opt/ros/rolling /usr/bin/cmake --build /home/pgarcia/Documents/GitHub/same_fuzzy_logic_controller/build/same_fuzzy_logic_controller -- -j8 -l8
[3.875s] Level 1:colcon.colcon_core.environment:create_environment_scripts_only(same_fuzzy_logic_controller)
[3.877s] Level 1:colcon.colcon_core.environment:checking '/home/pgarcia/Documents/GitHub/same_fuzzy_logic_controller/install/same_fuzzy_logic_controller' for CMake module files
[3.878s] Level 1:colcon.colcon_core.environment:checking '/home/pgarcia/Documents/GitHub/same_fuzzy_logic_controller/install/same_fuzzy_logic_controller' for CMake config files
[3.878s] Level 1:colcon.colcon_core.environment:checking '/home/pgarcia/Documents/GitHub/same_fuzzy_logic_controller/install/same_fuzzy_logic_controller/bin'
[3.878s] Level 1:colcon.colcon_core.environment:checking '/home/pgarcia/Documents/GitHub/same_fuzzy_logic_controller/install/same_fuzzy_logic_controller/lib/pkgconfig/same_fuzzy_logic_controller.pc'
[3.878s] Level 1:colcon.colcon_core.environment:checking '/home/pgarcia/Documents/GitHub/same_fuzzy_logic_controller/install/same_fuzzy_logic_controller/lib/python3.10/site-packages'
[3.878s] Level 1:colcon.colcon_core.environment:checking '/home/pgarcia/Documents/GitHub/same_fuzzy_logic_controller/install/same_fuzzy_logic_controller/bin'
[3.879s] INFO:colcon.colcon_core.shell:Creating package script '/home/pgarcia/Documents/GitHub/same_fuzzy_logic_controller/install/same_fuzzy_logic_controller/share/same_fuzzy_logic_controller/package.ps1'
[3.880s] INFO:colcon.colcon_core.shell:Creating package descriptor '/home/pgarcia/Documents/GitHub/same_fuzzy_logic_controller/install/same_fuzzy_logic_controller/share/same_fuzzy_logic_controller/package.dsv'
[3.880s] INFO:colcon.colcon_core.shell:Creating package script '/home/pgarcia/Documents/GitHub/same_fuzzy_logic_controller/install/same_fuzzy_logic_controller/share/same_fuzzy_logic_controller/package.sh'
[3.881s] INFO:colcon.colcon_core.shell:Creating package script '/home/pgarcia/Documents/GitHub/same_fuzzy_logic_controller/install/same_fuzzy_logic_controller/share/same_fuzzy_logic_controller/package.bash'
[3.881s] INFO:colcon.colcon_core.shell:Creating package script '/home/pgarcia/Documents/GitHub/same_fuzzy_logic_controller/install/same_fuzzy_logic_controller/share/same_fuzzy_logic_controller/package.zsh'
[3.881s] Level 1:colcon.colcon_core.environment:create_file_with_runtime_dependencies(/home/pgarcia/Documents/GitHub/same_fuzzy_logic_controller/install/same_fuzzy_logic_controller/share/colcon-core/packages/same_fuzzy_logic_controller)
[3.892s] DEBUG:colcon.colcon_parallel_executor.executor.parallel:closing loop
[3.892s] DEBUG:colcon.colcon_parallel_executor.executor.parallel:loop closed
[3.892s] DEBUG:colcon.colcon_parallel_executor.executor.parallel:run_until_complete finished with '2'
[3.892s] DEBUG:colcon.colcon_core.event_reactor:joining thread
[3.895s] INFO:colcon.colcon_core.plugin_system:Skipping extension 'colcon_notification.desktop_notification.terminal_notifier': Not used on non-Darwin systems
[3.896s] INFO:colcon.colcon_core.plugin_system:Skipping extension 'colcon_notification.desktop_notification.win32': Not used on non-Windows systems
[3.896s] INFO:colcon.colcon_notification.desktop_notification:Sending desktop notification using 'notify2'
[3.903s] DEBUG:colcon.colcon_core.event_reactor:joined thread
[3.905s] INFO:colcon.colcon_core.shell:Creating prefix script '/home/pgarcia/Documents/GitHub/same_fuzzy_logic_controller/install/local_setup.ps1'
[3.905s] INFO:colcon.colcon_core.shell:Creating prefix util module '/home/pgarcia/Documents/GitHub/same_fuzzy_logic_controller/install/_local_setup_util_ps1.py'
[3.906s] INFO:colcon.colcon_core.shell:Creating prefix chain script '/home/pgarcia/Documents/GitHub/same_fuzzy_logic_controller/install/setup.ps1'
[3.908s] INFO:colcon.colcon_core.shell:Creating prefix script '/home/pgarcia/Documents/GitHub/same_fuzzy_logic_controller/install/local_setup.sh'
[3.908s] INFO:colcon.colcon_core.shell:Creating prefix util module '/home/pgarcia/Documents/GitHub/same_fuzzy_logic_controller/install/_local_setup_util_sh.py'
[3.908s] INFO:colcon.colcon_core.shell:Creating prefix chain script '/home/pgarcia/Documents/GitHub/same_fuzzy_logic_controller/install/setup.sh'
[3.911s] INFO:colcon.colcon_core.shell:Creating prefix script '/home/pgarcia/Documents/GitHub/same_fuzzy_logic_controller/install/local_setup.bash'
[3.911s] INFO:colcon.colcon_core.shell:Creating prefix chain script '/home/pgarcia/Documents/GitHub/same_fuzzy_logic_controller/install/setup.bash'
[3.913s] INFO:colcon.colcon_core.shell:Creating prefix script '/home/pgarcia/Documents/GitHub/same_fuzzy_logic_controller/install/local_setup.zsh'
[3.914s] INFO:colcon.colcon_core.shell:Creating prefix chain script '/home/pgarcia/Documents/GitHub/same_fuzzy_logic_controller/install/setup.zsh'
