[0.011s] Invoking command in '/home/pgarcia/Documents/GitHub/same_fuzzy_logic_controller/build/same_fuzzy_logic_controller': CMAKE_PREFIX_PATH=${CMAKE_PREFIX_PATH}:/home/pgarcia/ros2_ws/install/nav2_simple_commander:/opt/ros/rolling /usr/bin/cmake --build /home/pgarcia/Documents/GitHub/same_fuzzy_logic_controller/build/same_fuzzy_logic_controller -- -j8 -l8
[0.050s] [35m[1mConsolidate compiler generated dependencies of target same_fuzzy_logic_controller[0m
[0.067s] [100%] Built target same_fuzzy_logic_controller
[0.076s] Invoked command in '/home/pgarcia/Documents/GitHub/same_fuzzy_logic_controller/build/same_fuzzy_logic_controller' returned '0': CMAKE_PREFIX_PATH=${CMAKE_PREFIX_PATH}:/home/pgarcia/ros2_ws/install/nav2_simple_commander:/opt/ros/rolling /usr/bin/cmake --build /home/pgarcia/Documents/GitHub/same_fuzzy_logic_controller/build/same_fuzzy_logic_controller -- -j8 -l8
[0.110s] Invoking command in '/home/pgarcia/Documents/GitHub/same_fuzzy_logic_controller/build/same_fuzzy_logic_controller': CMAKE_PREFIX_PATH=${CMAKE_PREFIX_PATH}:/home/pgarcia/ros2_ws/install/nav2_simple_commander:/opt/ros/rolling /usr/bin/cmake --install /home/pgarcia/Documents/GitHub/same_fuzzy_logic_controller/build/same_fuzzy_logic_controller
[0.117s] -- Install configuration: "Release"
[0.117s] -- Execute custom install script
[0.117s] -- Up-to-date symlink: /home/pgarcia/Documents/GitHub/same_fuzzy_logic_controller/install/same_fuzzy_logic_controller/lib/libsame_fuzzy_logic_controller.so
[0.117s] -- Up-to-date symlink: /home/pgarcia/Documents/GitHub/same_fuzzy_logic_controller/install/same_fuzzy_logic_controller/include//dwb_core/dwb_local_planner.hpp
[0.117s] -- Up-to-date symlink: /home/pgarcia/Documents/GitHub/same_fuzzy_logic_controller/install/same_fuzzy_logic_controller/include//dwb_core/exceptions.hpp
[0.117s] -- Up-to-date symlink: /home/pgarcia/Documents/GitHub/same_fuzzy_logic_controller/install/same_fuzzy_logic_controller/include//dwb_core/illegal_trajectory_tracker.hpp
[0.117s] -- Up-to-date symlink: /home/pgarcia/Documents/GitHub/same_fuzzy_logic_controller/install/same_fuzzy_logic_controller/include//dwb_core/publisher.hpp
[0.117s] -- Up-to-date symlink: /home/pgarcia/Documents/GitHub/same_fuzzy_logic_controller/install/same_fuzzy_logic_controller/include//dwb_core/trajectory_critic.hpp
[0.117s] -- Up-to-date symlink: /home/pgarcia/Documents/GitHub/same_fuzzy_logic_controller/install/same_fuzzy_logic_controller/include//dwb_core/trajectory_generator.hpp
[0.118s] -- Up-to-date symlink: /home/pgarcia/Documents/GitHub/same_fuzzy_logic_controller/install/same_fuzzy_logic_controller/include//dwb_core/trajectory_utils.hpp
[0.118s] -- Up-to-date symlink: /home/pgarcia/Documents/GitHub/same_fuzzy_logic_controller/install/same_fuzzy_logic_controller/include//same_fuzzy_logic_controller/same_fuzzy_logic_controller.hpp
[0.118s] -- Up-to-date symlink: /home/pgarcia/Documents/GitHub/same_fuzzy_logic_controller/install/same_fuzzy_logic_controller/share/same_fuzzy_logic_controller/environment/library_path.sh
[0.118s] -- Up-to-date symlink: /home/pgarcia/Documents/GitHub/same_fuzzy_logic_controller/install/same_fuzzy_logic_controller/share/same_fuzzy_logic_controller/environment/library_path.dsv
[0.118s] -- Up-to-date symlink: /home/pgarcia/Documents/GitHub/same_fuzzy_logic_controller/install/same_fuzzy_logic_controller/share/same_fuzzy_logic_controller//same_fuzzy_logic_controller_plugin.xml
[0.118s] -- Up-to-date symlink: /home/pgarcia/Documents/GitHub/same_fuzzy_logic_controller/install/same_fuzzy_logic_controller/share/ament_index/resource_index/package_run_dependencies/same_fuzzy_logic_controller
[0.118s] -- Up-to-date symlink: /home/pgarcia/Documents/GitHub/same_fuzzy_logic_controller/install/same_fuzzy_logic_controller/share/ament_index/resource_index/parent_prefix_path/same_fuzzy_logic_controller
[0.118s] -- Up-to-date symlink: /home/pgarcia/Documents/GitHub/same_fuzzy_logic_controller/install/same_fuzzy_logic_controller/share/same_fuzzy_logic_controller/environment/ament_prefix_path.sh
[0.118s] -- Up-to-date symlink: /home/pgarcia/Documents/GitHub/same_fuzzy_logic_controller/install/same_fuzzy_logic_controller/share/same_fuzzy_logic_controller/environment/ament_prefix_path.dsv
[0.118s] -- Up-to-date symlink: /home/pgarcia/Documents/GitHub/same_fuzzy_logic_controller/install/same_fuzzy_logic_controller/share/same_fuzzy_logic_controller/environment/path.sh
[0.118s] -- Up-to-date symlink: /home/pgarcia/Documents/GitHub/same_fuzzy_logic_controller/install/same_fuzzy_logic_controller/share/same_fuzzy_logic_controller/environment/path.dsv
[0.118s] -- Up-to-date symlink: /home/pgarcia/Documents/GitHub/same_fuzzy_logic_controller/install/same_fuzzy_logic_controller/share/same_fuzzy_logic_controller/local_setup.bash
[0.118s] -- Up-to-date symlink: /home/pgarcia/Documents/GitHub/same_fuzzy_logic_controller/install/same_fuzzy_logic_controller/share/same_fuzzy_logic_controller/local_setup.sh
[0.119s] -- Up-to-date symlink: /home/pgarcia/Documents/GitHub/same_fuzzy_logic_controller/install/same_fuzzy_logic_controller/share/same_fuzzy_logic_controller/local_setup.zsh
[0.119s] -- Up-to-date symlink: /home/pgarcia/Documents/GitHub/same_fuzzy_logic_controller/install/same_fuzzy_logic_controller/share/same_fuzzy_logic_controller/local_setup.dsv
[0.119s] -- Symlinking: /home/pgarcia/Documents/GitHub/same_fuzzy_logic_controller/install/same_fuzzy_logic_controller/share/same_fuzzy_logic_controller/package.dsv
[0.126s] -- Up-to-date symlink: /home/pgarcia/Documents/GitHub/same_fuzzy_logic_controller/install/same_fuzzy_logic_controller/share/ament_index/resource_index/packages/same_fuzzy_logic_controller
[0.126s] -- Up-to-date symlink: /home/pgarcia/Documents/GitHub/same_fuzzy_logic_controller/install/same_fuzzy_logic_controller/share/ament_index/resource_index/nav2_core__pluginlib__plugin/same_fuzzy_logic_controller
[0.126s] -- Up-to-date symlink: /home/pgarcia/Documents/GitHub/same_fuzzy_logic_controller/install/same_fuzzy_logic_controller/share/same_fuzzy_logic_controller/cmake/ament_cmake_export_include_directories-extras.cmake
[0.126s] -- Up-to-date symlink: /home/pgarcia/Documents/GitHub/same_fuzzy_logic_controller/install/same_fuzzy_logic_controller/share/same_fuzzy_logic_controller/cmake/ament_cmake_export_libraries-extras.cmake
[0.126s] -- Up-to-date symlink: /home/pgarcia/Documents/GitHub/same_fuzzy_logic_controller/install/same_fuzzy_logic_controller/share/same_fuzzy_logic_controller/cmake/ament_cmake_export_dependencies-extras.cmake
[0.126s] -- Up-to-date symlink: /home/pgarcia/Documents/GitHub/same_fuzzy_logic_controller/install/same_fuzzy_logic_controller/share/same_fuzzy_logic_controller/cmake/same_fuzzy_logic_controllerConfig.cmake
[0.126s] -- Up-to-date symlink: /home/pgarcia/Documents/GitHub/same_fuzzy_logic_controller/install/same_fuzzy_logic_controller/share/same_fuzzy_logic_controller/cmake/same_fuzzy_logic_controllerConfig-version.cmake
[0.126s] -- Up-to-date symlink: /home/pgarcia/Documents/GitHub/same_fuzzy_logic_controller/install/same_fuzzy_logic_controller/share/same_fuzzy_logic_controller/package.xml
[0.128s] Invoked command in '/home/pgarcia/Documents/GitHub/same_fuzzy_logic_controller/build/same_fuzzy_logic_controller' returned '0': CMAKE_PREFIX_PATH=${CMAKE_PREFIX_PATH}:/home/pgarcia/ros2_ws/install/nav2_simple_commander:/opt/ros/rolling /usr/bin/cmake --install /home/pgarcia/Documents/GitHub/same_fuzzy_logic_controller/build/same_fuzzy_logic_controller
